<?xml version="1.0" encoding="UTF-8"?>
<testsuite name="com.example.firstproject.repository.CommentRepositoryTest" tests="1" skipped="0" failures="0" errors="0" timestamp="2023-12-15T01:25:26" hostname="DESKTOP-MCU496E" time="0.679">
  <properties/>
  <testcase name="특정 닉네임의 모든 댓글 조회" classname="com.example.firstproject.repository.CommentRepositoryTest" time="0.679"/>
  <system-out><![CDATA[10:25:21.499 [Test worker] INFO org.springframework.test.context.support.AnnotationConfigContextLoaderUtils -- Could not detect default configuration classes for test class [com.example.firstproject.repository.CommentRepositoryTest]: CommentRepositoryTest does not declare any static, non-private, non-final, nested classes annotated with @Configuration.
10:25:21.636 [Test worker] INFO org.springframework.boot.test.context.SpringBootTestContextBootstrapper -- Found @SpringBootConfiguration com.example.firstproject.FirstprojectApplication for test class com.example.firstproject.repository.CommentRepositoryTest

  .   ____          _            __ _ _
 /\\ / ___'_ __ _ _(_)_ __  __ _ \ \ \ \
( ( )\___ | '_ | '_| | '_ \/ _` | \ \ \ \
 \\/  ___)| |_)| | | | | || (_| |  ) ) ) )
  '  |____| .__|_| |_|_| |_\__, | / / / /
 =========|_|==============|___/=/_/_/_/
 :: Spring Boot ::                (v3.1.0)

2023-12-15T10:25:22.209+09:00  INFO 6068 --- [    Test worker] c.e.f.repository.CommentRepositoryTest   : Starting CommentRepositoryTest using Java 20.0.2.1 with PID 6068 (started by son in C:\Users\son\Downloads\firstproject\firstproject)
2023-12-15T10:25:22.212+09:00  INFO 6068 --- [    Test worker] c.e.f.repository.CommentRepositoryTest   : No active profile set, falling back to 1 default profile: "default"
2023-12-15T10:25:22.742+09:00  INFO 6068 --- [    Test worker] .s.d.r.c.RepositoryConfigurationDelegate : Bootstrapping Spring Data JPA repositories in DEFAULT mode.
2023-12-15T10:25:22.834+09:00  INFO 6068 --- [    Test worker] .s.d.r.c.RepositoryConfigurationDelegate : Finished Spring Data repository scanning in 79 ms. Found 2 JPA repository interfaces.
2023-12-15T10:25:22.917+09:00  INFO 6068 --- [    Test worker] beddedDataSourceBeanFactoryPostProcessor : Replacing 'dataSource' DataSource bean with embedded version
2023-12-15T10:25:23.127+09:00  INFO 6068 --- [    Test worker] o.s.j.d.e.EmbeddedDatabaseFactory        : Starting embedded database: url='jdbc:h2:mem:93eded5a-35d2-426b-aa3e-39646e1b92c2;DB_CLOSE_DELAY=-1;DB_CLOSE_ON_EXIT=false', username='sa'
2023-12-15T10:25:23.519+09:00  INFO 6068 --- [    Test worker] o.hibernate.jpa.internal.util.LogHelper  : HHH000204: Processing PersistenceUnitInfo [name: default]
2023-12-15T10:25:23.584+09:00  INFO 6068 --- [    Test worker] org.hibernate.Version                    : HHH000412: Hibernate ORM core version 6.2.2.Final
2023-12-15T10:25:23.589+09:00  INFO 6068 --- [    Test worker] org.hibernate.cfg.Environment            : HHH000406: Using bytecode reflection optimizer
2023-12-15T10:25:24.445+09:00  INFO 6068 --- [    Test worker] o.h.b.i.BytecodeProviderInitiator        : HHH000021: Bytecode provider name : bytebuddy
2023-12-15T10:25:24.643+09:00  INFO 6068 --- [    Test worker] o.s.o.j.p.SpringPersistenceUnitInfo      : No LoadTimeWeaver setup: ignoring JPA class transformer
2023-12-15T10:25:24.716+09:00  INFO 6068 --- [    Test worker] org.hibernate.orm.dialect                : HHH035001: Using dialect: org.hibernate.dialect.H2Dialect, version: 2.1.214
2023-12-15T10:25:24.988+09:00  INFO 6068 --- [    Test worker] o.h.b.i.BytecodeProviderInitiator        : HHH000021: Bytecode provider name : bytebuddy
2023-12-15T10:25:25.658+09:00  INFO 6068 --- [    Test worker] o.h.e.t.j.p.i.JtaPlatformInitiator       : HHH000490: Using JtaPlatform implementation: [org.hibernate.engine.transaction.jta.platform.internal.NoJtaPlatform]
2023-12-15T10:25:25.685+09:00 DEBUG 6068 --- [    Test worker] org.hibernate.SQL                        : 
    drop table if exists article cascade 
Hibernate: 
    drop table if exists article cascade 
2023-12-15T10:25:25.688+09:00 DEBUG 6068 --- [    Test worker] org.hibernate.SQL                        : 
    drop table if exists comment cascade 
Hibernate: 
    drop table if exists comment cascade 
2023-12-15T10:25:25.696+09:00 DEBUG 6068 --- [    Test worker] org.hibernate.SQL                        : 
    create table article (
        id bigint generated by default as identity,
        content varchar(255),
        title varchar(255),
        primary key (id)
    )
Hibernate: 
    create table article (
        id bigint generated by default as identity,
        content varchar(255),
        title varchar(255),
        primary key (id)
    )
2023-12-15T10:25:25.706+09:00 DEBUG 6068 --- [    Test worker] org.hibernate.SQL                        : 
    create table comment (
        article_id bigint,
        id bigint generated by default as identity,
        body varchar(255),
        nickname varchar(255),
        primary key (id)
    )
Hibernate: 
    create table comment (
        article_id bigint,
        id bigint generated by default as identity,
        body varchar(255),
        nickname varchar(255),
        primary key (id)
    )
2023-12-15T10:25:25.708+09:00 DEBUG 6068 --- [    Test worker] org.hibernate.SQL                        : 
    alter table if exists comment 
       add constraint FK5yx0uphgjc6ik6hb82kkw501y 
       foreign key (article_id) 
       references article
Hibernate: 
    alter table if exists comment 
       add constraint FK5yx0uphgjc6ik6hb82kkw501y 
       foreign key (article_id) 
       references article
2023-12-15T10:25:25.725+09:00  INFO 6068 --- [    Test worker] o.h.t.s.i.e.GenerationTargetToDatabase   : HHH000476: Executing script '[injected ScriptSourceInputNonExistentImpl script]'
2023-12-15T10:25:25.733+09:00  INFO 6068 --- [    Test worker] j.LocalContainerEntityManagerFactoryBean : Initialized JPA EntityManagerFactory for persistence unit 'default'
2023-12-15T10:25:26.127+09:00  INFO 6068 --- [    Test worker] o.s.d.j.r.query.QueryEnhancerFactory     : Hibernate is in classpath; If applicable, HQL parser will be used.
2023-12-15T10:25:26.466+09:00  INFO 6068 --- [    Test worker] c.e.f.repository.CommentRepositoryTest   : Started CommentRepositoryTest in 4.671 seconds (process running for 6.183)
2023-12-15T10:25:27.074+09:00 DEBUG 6068 --- [    Test worker] org.hibernate.SQL                        : 
    SELECT
        * 
    FROM
        comment 
    WHERE
        nickname = ?
Hibernate: 
    SELECT
        * 
    FROM
        comment 
    WHERE
        nickname = ?
2023-12-15T10:25:27.123+09:00 DEBUG 6068 --- [    Test worker] org.hibernate.SQL                        : 
    select
        a1_0.id,
        a1_0.content,
        a1_0.title 
    from
        article a1_0 
    where
        a1_0.id=?
Hibernate: 
    select
        a1_0.id,
        a1_0.content,
        a1_0.title 
    from
        article a1_0 
    where
        a1_0.id=?
2023-12-15T10:25:27.137+09:00 DEBUG 6068 --- [    Test worker] org.hibernate.SQL                        : 
    select
        a1_0.id,
        a1_0.content,
        a1_0.title 
    from
        article a1_0 
    where
        a1_0.id=?
Hibernate: 
    select
        a1_0.id,
        a1_0.content,
        a1_0.title 
    from
        article a1_0 
    where
        a1_0.id=?
2023-12-15T10:25:27.139+09:00 DEBUG 6068 --- [    Test worker] org.hibernate.SQL                        : 
    select
        a1_0.id,
        a1_0.content,
        a1_0.title 
    from
        article a1_0 
    where
        a1_0.id=?
Hibernate: 
    select
        a1_0.id,
        a1_0.content,
        a1_0.title 
    from
        article a1_0 
    where
        a1_0.id=?
]]></system-out>
  <system-err><![CDATA[]]></system-err>
</testsuite>
